It takes 6.046727852026621 minutes for template_generation
It takes 0.6855028788248698 minutes for initial_profiling
It takes 0.028352014223734536 minutes for initial_profiling
It takes 0.024970650672912598 minutes for initial_profiling
It takes 0.019614116350809733 minutes for initial_profiling
It takes 0.022930244604746502 minutes for initial_profiling
It takes 0.02015938361485799 minutes for initial_profiling
It takes 0.024764410654703774 minutes for initial_profiling
It takes 0.04181778033574422 minutes for initial_profiling
It takes 0.021161214510599772 minutes for initial_profiling
It takes 0.01735997200012207 minutes for initial_profiling
It takes 0.024399022261301678 minutes for initial_profiling
It takes 0.03810397386550903 minutes for initial_profiling
It takes 0.0253958264986674 minutes for initial_profiling
It takes 0.028801719347635906 minutes for initial_profiling
It takes 0.02751591205596924 minutes for initial_profiling
It takes 0.040462644894917806 minutes for initial_profiling
It takes 0.026633906364440917 minutes for initial_profiling
It takes 0.028958757718404133 minutes for initial_profiling
It takes 0.036164323488871254 minutes for initial_profiling
It takes 1.4198957959810892 minutes for template_refinement_parallel
It takes 3.329932117462158 minutes for optimize_for_interval
It takes 0.19670406182607014 minutes for optimize_for_interval
It takes 3.588199615478516e-06 minutes for optimize_for_interval
It takes 11.695757106939952 minutes for generate_sql
